<<<<<<< HEAD
d:\projects\groupdraw\client\x64\debug\vc141.pdb
d:\projects\groupdraw\client\x64\debug\vc141.idb
d:\projects\groupdraw\client\x64\debug\main.obj
d:\projects\groupdraw\client\x64\debug\raknetclient.obj
d:\projects\groupdraw\client\x64\debug\client.tlog\cl.command.1.tlog
d:\projects\groupdraw\client\x64\debug\client.tlog\cl.read.1.tlog
d:\projects\groupdraw\client\x64\debug\client.tlog\cl.write.1.tlog
d:\projects\groupdraw\client\x64\debug\client.tlog\link.command.1.tlog
d:\projects\groupdraw\client\x64\debug\client.tlog\link.read.1.tlog
d:\projects\groupdraw\client\x64\debug\client.tlog\link.write.1.tlog
=======
d:\networkproject\groupdraw\client\x64\debug\vc141.pdb
d:\networkproject\groupdraw\client\x64\debug\vc141.idb
d:\networkproject\groupdraw\client\x64\debug\main.obj
d:\networkproject\groupdraw\client\x64\debug\raknetclient.obj
d:\networkproject\groupdraw\x64\debug\client.ilk
d:\networkproject\groupdraw\x64\debug\client.exe
d:\networkproject\groupdraw\x64\debug\client.pdb
d:\networkproject\groupdraw\client\x64\debug\client.tlog\cl.command.1.tlog
d:\networkproject\groupdraw\client\x64\debug\client.tlog\cl.read.1.tlog
d:\networkproject\groupdraw\client\x64\debug\client.tlog\cl.write.1.tlog
d:\networkproject\groupdraw\client\x64\debug\client.tlog\link.command.1.tlog
d:\networkproject\groupdraw\client\x64\debug\client.tlog\link.read.1.tlog
d:\networkproject\groupdraw\client\x64\debug\client.tlog\link.write.1.tlog
>>>>>>> b1afcfedfaa03647cd0041d76da6019e314eb1d9
