<<<<<<< HEAD
d:\projects\groupdraw\server\x64\debug\vc141.pdb
d:\projects\groupdraw\server\x64\debug\vc141.idb
d:\projects\groupdraw\server\x64\debug\main.obj
d:\projects\groupdraw\server\x64\debug\raknetserver.obj
d:\projects\groupdraw\x64\debug\server.pdb
d:\projects\groupdraw\server\x64\debug\server.tlog\cl.command.1.tlog
d:\projects\groupdraw\server\x64\debug\server.tlog\cl.read.1.tlog
d:\projects\groupdraw\server\x64\debug\server.tlog\cl.write.1.tlog
d:\projects\groupdraw\server\x64\debug\server.tlog\link-cvtres.read.1.tlog
d:\projects\groupdraw\server\x64\debug\server.tlog\link-cvtres.write.1.tlog
d:\projects\groupdraw\server\x64\debug\server.tlog\link-rc.read.1.tlog
d:\projects\groupdraw\server\x64\debug\server.tlog\link-rc.write.1.tlog
d:\projects\groupdraw\server\x64\debug\server.tlog\link.command.1.tlog
d:\projects\groupdraw\server\x64\debug\server.tlog\link.read.1.tlog
d:\projects\groupdraw\server\x64\debug\server.tlog\link.write.1.tlog
=======
d:\networkproject\groupdraw\server\x64\debug\vc141.pdb
d:\networkproject\groupdraw\server\x64\debug\vc141.idb
d:\networkproject\groupdraw\server\x64\debug\main.obj
d:\networkproject\groupdraw\server\x64\debug\raknetserver.obj
d:\networkproject\groupdraw\server\x64\debug\server.tlog\cl.command.1.tlog
d:\networkproject\groupdraw\server\x64\debug\server.tlog\cl.read.1.tlog
d:\networkproject\groupdraw\server\x64\debug\server.tlog\cl.write.1.tlog
d:\networkproject\groupdraw\server\x64\debug\server.tlog\link.command.1.tlog
d:\networkproject\groupdraw\server\x64\debug\server.tlog\link.read.1.tlog
d:\networkproject\groupdraw\server\x64\debug\server.tlog\link.write.1.tlog
>>>>>>> b1afcfedfaa03647cd0041d76da6019e314eb1d9
